<?xml version="1.0" encoding="UTF-8"?><testsuite errors="0" failures="1" name="interactuar  con los elementos de la pagina QaTool" skipped="0" tests="1" time="0.34" timestamp="2022-12-09 02:31:16"><testcase name="Agregar registro a la tabla"><failure message="Undefined default URL for page object PageObject" type="java.lang.AssertionError">Undefined default URL for page object PageObject</failure><system-err>Undefined default URL for page object PageObject&#13;
com.qatools.interactions.Abrir.performAs(Abrir.java:18)&#13;
com.qatools.stepdefinitions.interactuarElementos.queElUsuarioEstaEnLaPaginaDeQATool(interactuarElementos.java:29)&#13;
cucumber.runner.PickleStepDefinitionMatch.runStep(PickleStepDefinitionMatch.java:50)&#13;
cucumber.runner.TestStep.executeStep(TestStep.java:63)&#13;
cucumber.runner.TestStep.run(TestStep.java:49)&#13;
cucumber.runner.PickleStepTestStep.run(PickleStepTestStep.java:43)&#13;
cucumber.runner.TestCase.run(TestCase.java:44)&#13;
cucumber.runner.Runner.runPickle(Runner.java:40)&#13;
worker.org.gradle.process.internal.worker.GradleWorkerMain.run(GradleWorkerMain.java:69)&#13;
worker.org.gradle.process.internal.worker.GradleWorkerMain.main(GradleWorkerMain.java:74)&#13;
</system-err></testcase></testsuite>